2024-09-27T12:06:19.980-04:00  INFO 3020 --- [task-management-system-1.1] [main] c.p.t.Application                        : Starting Application using Java 22.0.1 with PID 3020 (C:\Users\mrzak\IdeaProjects\task-management-system-1.1\target\classes started by mrzak in C:\Users\mrzak\IdeaProjects\task-management-system-1.1)
2024-09-27T12:06:19.989-04:00  INFO 3020 --- [task-management-system-1.1] [main] c.p.t.Application                        : No active profile set, falling back to 1 default profile: "default"
2024-09-27T12:06:20.888-04:00  INFO 3020 --- [task-management-system-1.1] [main] .s.d.r.c.RepositoryConfigurationDelegate : Bootstrapping Spring Data JPA repositories in DEFAULT mode.
2024-09-27T12:06:20.963-04:00  INFO 3020 --- [task-management-system-1.1] [main] .s.d.r.c.RepositoryConfigurationDelegate : Finished Spring Data repository scanning in 64 ms. Found 1 JPA repository interface.
2024-09-27T12:06:21.596-04:00  INFO 3020 --- [task-management-system-1.1] [main] o.s.b.w.e.t.TomcatWebServer              : Tomcat initialized with port 8080 (http)
2024-09-27T12:06:21.692-04:00  INFO 3020 --- [task-management-system-1.1] [main] w.s.c.ServletWebServerApplicationContext : Root WebApplicationContext: initialization completed in 1658 ms
2024-09-27T12:06:21.953-04:00  INFO 3020 --- [task-management-system-1.1] [main] o.h.j.i.u.LogHelper                      : HHH000204: Processing PersistenceUnitInfo [name: default]
2024-09-27T12:06:22.057-04:00  INFO 3020 --- [task-management-system-1.1] [main] o.h.Version                              : HHH000412: Hibernate ORM core version 6.5.3.Final
2024-09-27T12:06:22.121-04:00  INFO 3020 --- [task-management-system-1.1] [main] o.h.c.i.RegionFactoryInitiator           : HHH000026: Second-level cache disabled
2024-09-27T12:06:22.654-04:00  INFO 3020 --- [task-management-system-1.1] [main] o.s.o.j.p.SpringPersistenceUnitInfo      : No LoadTimeWeaver setup: ignoring JPA class transformer
2024-09-27T12:06:22.705-04:00  INFO 3020 --- [task-management-system-1.1] [main] c.z.h.HikariDataSource                   : HikariPool-1 - Starting...
2024-09-27T12:06:23.120-04:00  INFO 3020 --- [task-management-system-1.1] [main] c.z.h.p.HikariPool                       : HikariPool-1 - Added connection com.mysql.cj.jdbc.ConnectionImpl@6acb45c1
2024-09-27T12:06:23.123-04:00  INFO 3020 --- [task-management-system-1.1] [main] c.z.h.HikariDataSource                   : HikariPool-1 - Start completed.
2024-09-27T12:06:24.349-04:00  INFO 3020 --- [task-management-system-1.1] [main] o.h.e.t.j.p.i.JtaPlatformInitiator       : HHH000489: No JTA platform available (set 'hibernate.transaction.jta.platform' to enable JTA platform integration)
2024-09-27T12:06:24.425-04:00  INFO 3020 --- [task-management-system-1.1] [main] j.LocalContainerEntityManagerFactoryBean : Initialized JPA EntityManagerFactory for persistence unit 'default'
2024-09-27T12:06:24.721-04:00  WARN 3020 --- [task-management-system-1.1] [main] JpaBaseConfiguration$JpaWebConfiguration : spring.jpa.open-in-view is enabled by default. Therefore, database queries may be performed during view rendering. Explicitly configure spring.jpa.open-in-view to disable this warning
2024-09-27T12:06:25.265-04:00  INFO 3020 --- [task-management-system-1.1] [main] o.s.b.w.e.t.TomcatWebServer              : Tomcat started on port 8080 (http) with context path '/'
2024-09-27T12:06:25.275-04:00  INFO 3020 --- [task-management-system-1.1] [main] c.p.t.Application                        : Started Application in 5.914 seconds (process running for 6.75)
2024-09-27T12:06:46.142-04:00  INFO 3020 --- [task-management-system-1.1] [http-nio-8080-exec-1] o.s.w.s.DispatcherServlet                : Initializing Servlet 'dispatcherServlet'
2024-09-27T12:06:46.144-04:00  INFO 3020 --- [task-management-system-1.1] [http-nio-8080-exec-1] o.s.w.s.DispatcherServlet                : Completed initialization in 2 ms
2024-09-27T12:06:53.213-04:00  INFO 3020 --- [task-management-system-1.1] [http-nio-8080-exec-3] c.p.t.c.TaskController                   : Fetching all tasks
2024-09-27T12:06:57.684-04:00  INFO 3020 --- [task-management-system-1.1] [http-nio-8080-exec-5] c.p.t.c.TaskController                   : Displaying new task form
2024-09-27T12:07:48.630-04:00  INFO 3020 --- [task-management-system-1.1] [http-nio-8080-exec-8] c.p.t.c.TaskController                   : Creating new task: Task(id=6, title=Create Landing Page, description=Create engaging and responsive landing page with HTML and CSS, status=Pending)
2024-09-27T12:07:48.652-04:00  INFO 3020 --- [task-management-system-1.1] [http-nio-8080-exec-9] c.p.t.c.TaskController                   : Fetching all tasks
2024-09-27T12:08:40.482-04:00  INFO 3020 --- [task-management-system-1.1] [http-nio-8080-exec-1] c.p.t.c.TaskController                   : Fetching task with ID: 6
2024-09-27T12:08:40.511-04:00  INFO 3020 --- [task-management-system-1.1] [http-nio-8080-exec-1] c.p.t.c.TaskController                   : Task found: Task(id=6, title=Create Landing Page, description=Create engaging and responsive landing page with HTML and CSS, status=Pending)
2024-09-27T12:08:44.382-04:00  INFO 3020 --- [task-management-system-1.1] [http-nio-8080-exec-3] c.p.t.c.TaskController                   : Updating task: Task(id=6, title=Create Landing Page, description=Create engaging and responsive landing page with HTML and CSS, status=In Progress)
2024-09-27T12:08:44.392-04:00  INFO 3020 --- [task-management-system-1.1] [http-nio-8080-exec-6] c.p.t.c.TaskController                   : Fetching all tasks
2024-09-27T12:09:31.379-04:00  INFO 3020 --- [task-management-system-1.1] [http-nio-8080-exec-7] c.p.t.c.TaskController                   : Displaying new task form
2024-09-27T12:09:55.894-04:00  INFO 3020 --- [task-management-system-1.1] [http-nio-8080-exec-9] c.p.t.c.TaskController                   : Creating new task: Task(id=7, title=Dummy Task, description=Testing   testin testing, status=Pending)
2024-09-27T12:09:55.905-04:00  INFO 3020 --- [task-management-system-1.1] [http-nio-8080-exec-10] c.p.t.c.TaskController                   : Fetching all tasks
2024-09-27T12:10:14.136-04:00  INFO 3020 --- [task-management-system-1.1] [http-nio-8080-exec-2] c.p.t.c.TaskController                   : Deleting task with ID: 7
2024-09-27T12:10:14.180-04:00  INFO 3020 --- [task-management-system-1.1] [http-nio-8080-exec-3] c.p.t.c.TaskController                   : Fetching all tasks
2024-09-27T12:10:52.076-04:00  INFO 3020 --- [task-management-system-1.1] [http-nio-8080-exec-4] c.p.t.c.TaskController                   : Deleting task with ID: 8
2024-09-27T12:10:52.092-04:00  INFO 3020 --- [task-management-system-1.1] [http-nio-8080-exec-7] c.p.t.c.TaskController                   : Fetching all tasks
2024-09-27T12:11:33.806-04:00  INFO 3020 --- [task-management-system-1.1] [http-nio-8080-exec-9] c.p.t.c.TaskController                   : Displaying new task form
2024-09-27T12:11:40.218-04:00  INFO 3020 --- [task-management-system-1.1] [http-nio-8080-exec-1] c.p.t.c.TaskController                   : Fetching all tasks
2024-09-27T13:40:03.433-04:00  INFO 3020 --- [task-management-system-1.1] [SpringApplicationShutdownHook] j.LocalContainerEntityManagerFactoryBean : Closing JPA EntityManagerFactory for persistence unit 'default'
2024-09-27T13:40:03.434-04:00  INFO 3020 --- [task-management-system-1.1] [SpringApplicationShutdownHook] c.z.h.HikariDataSource                   : HikariPool-1 - Shutdown initiated...
2024-09-27T13:40:03.438-04:00  INFO 3020 --- [task-management-system-1.1] [SpringApplicationShutdownHook] c.z.h.HikariDataSource                   : HikariPool-1 - Shutdown completed.
2024-09-30T15:08:26.181-04:00  INFO 32480 --- [task-management-system-1.1] [main] c.p.t.Application                        : Starting Application using Java 22.0.1 with PID 32480 (C:\Users\mrzak\IdeaProjects\task-management-system-1.1\target\classes started by mrzak in C:\Users\mrzak\IdeaProjects\task-management-system-1.1)
2024-09-30T15:08:26.189-04:00  INFO 32480 --- [task-management-system-1.1] [main] c.p.t.Application                        : No active profile set, falling back to 1 default profile: "default"
2024-09-30T15:08:26.870-04:00  INFO 32480 --- [task-management-system-1.1] [main] .s.d.r.c.RepositoryConfigurationDelegate : Bootstrapping Spring Data JPA repositories in DEFAULT mode.
2024-09-30T15:08:26.925-04:00  INFO 32480 --- [task-management-system-1.1] [main] .s.d.r.c.RepositoryConfigurationDelegate : Finished Spring Data repository scanning in 47 ms. Found 1 JPA repository interface.
2024-09-30T15:08:27.511-04:00  INFO 32480 --- [task-management-system-1.1] [main] o.s.b.w.e.t.TomcatWebServer              : Tomcat initialized with port 8080 (http)
2024-09-30T15:08:27.571-04:00  INFO 32480 --- [task-management-system-1.1] [main] w.s.c.ServletWebServerApplicationContext : Root WebApplicationContext: initialization completed in 1338 ms
2024-09-30T15:08:27.704-04:00  INFO 32480 --- [task-management-system-1.1] [main] o.h.j.i.u.LogHelper                      : HHH000204: Processing PersistenceUnitInfo [name: default]
2024-09-30T15:08:27.836-04:00  INFO 32480 --- [task-management-system-1.1] [main] o.h.Version                              : HHH000412: Hibernate ORM core version 6.5.3.Final
2024-09-30T15:08:27.911-04:00  INFO 32480 --- [task-management-system-1.1] [main] o.h.c.i.RegionFactoryInitiator           : HHH000026: Second-level cache disabled
2024-09-30T15:08:28.423-04:00  INFO 32480 --- [task-management-system-1.1] [main] o.s.o.j.p.SpringPersistenceUnitInfo      : No LoadTimeWeaver setup: ignoring JPA class transformer
2024-09-30T15:08:28.459-04:00  INFO 32480 --- [task-management-system-1.1] [main] c.z.h.HikariDataSource                   : HikariPool-1 - Starting...
2024-09-30T15:08:28.942-04:00  INFO 32480 --- [task-management-system-1.1] [main] c.z.h.p.HikariPool                       : HikariPool-1 - Added connection com.mysql.cj.jdbc.ConnectionImpl@43d6262c
2024-09-30T15:08:28.943-04:00  INFO 32480 --- [task-management-system-1.1] [main] c.z.h.HikariDataSource                   : HikariPool-1 - Start completed.
2024-09-30T15:08:30.137-04:00  INFO 32480 --- [task-management-system-1.1] [main] o.h.e.t.j.p.i.JtaPlatformInitiator       : HHH000489: No JTA platform available (set 'hibernate.transaction.jta.platform' to enable JTA platform integration)
2024-09-30T15:08:30.234-04:00  INFO 32480 --- [task-management-system-1.1] [main] j.LocalContainerEntityManagerFactoryBean : Initialized JPA EntityManagerFactory for persistence unit 'default'
2024-09-30T15:08:30.517-04:00  WARN 32480 --- [task-management-system-1.1] [main] JpaBaseConfiguration$JpaWebConfiguration : spring.jpa.open-in-view is enabled by default. Therefore, database queries may be performed during view rendering. Explicitly configure spring.jpa.open-in-view to disable this warning
2024-09-30T15:08:31.056-04:00  INFO 32480 --- [task-management-system-1.1] [main] o.s.b.w.e.t.TomcatWebServer              : Tomcat started on port 8080 (http) with context path '/'
2024-09-30T15:08:31.066-04:00  INFO 32480 --- [task-management-system-1.1] [main] c.p.t.Application                        : Started Application in 5.496 seconds (process running for 6.558)
2024-09-30T15:09:38.019-04:00  INFO 32480 --- [task-management-system-1.1] [http-nio-8080-exec-1] o.s.w.s.DispatcherServlet                : Initializing Servlet 'dispatcherServlet'
2024-09-30T15:09:38.022-04:00  INFO 32480 --- [task-management-system-1.1] [http-nio-8080-exec-1] o.s.w.s.DispatcherServlet                : Completed initialization in 1 ms
2024-09-30T15:09:38.105-04:00  INFO 32480 --- [task-management-system-1.1] [http-nio-8080-exec-1] c.p.t.c.TaskController                   : Fetching all tasks
2024-09-30T15:10:19.003-04:00  INFO 32480 --- [task-management-system-1.1] [http-nio-8080-exec-4] c.p.t.c.TaskController                   : Displaying new task form
2024-09-30T15:10:20.820-04:00  INFO 32480 --- [task-management-system-1.1] [http-nio-8080-exec-2] c.p.t.c.TaskController                   : Fetching all tasks
2024-09-30T15:10:23.720-04:00  INFO 32480 --- [task-management-system-1.1] [http-nio-8080-exec-8] c.p.t.c.TaskController                   : Fetching task with ID: 6
2024-09-30T15:10:23.748-04:00  INFO 32480 --- [task-management-system-1.1] [http-nio-8080-exec-8] c.p.t.c.TaskController                   : Task found: Task(id=6, title=Create Landing Page, description=Create engaging and responsive landing page with HTML and CSS, status=In Progress)
2024-09-30T15:10:27.910-04:00  INFO 32480 --- [task-management-system-1.1] [http-nio-8080-exec-3] c.p.t.c.TaskController                   : Updating task: Task(id=6, title=Create Landing Page, description=Create engaging and responsive landing page with HTML and CSS, status=Completed)
2024-09-30T15:10:27.925-04:00  INFO 32480 --- [task-management-system-1.1] [http-nio-8080-exec-1] c.p.t.c.TaskController                   : Fetching all tasks
2024-09-30T15:10:29.833-04:00  INFO 32480 --- [task-management-system-1.1] [http-nio-8080-exec-10] c.p.t.c.TaskController                   : Deleting task with ID: 6
2024-09-30T15:10:29.870-04:00  INFO 32480 --- [task-management-system-1.1] [http-nio-8080-exec-4] c.p.t.c.TaskController                   : Fetching all tasks
2024-09-30T15:11:08.075-04:00  INFO 32480 --- [task-management-system-1.1] [SpringApplicationShutdownHook] j.LocalContainerEntityManagerFactoryBean : Closing JPA EntityManagerFactory for persistence unit 'default'
2024-09-30T15:11:08.078-04:00  INFO 32480 --- [task-management-system-1.1] [SpringApplicationShutdownHook] c.z.h.HikariDataSource                   : HikariPool-1 - Shutdown initiated...
2024-09-30T15:11:08.092-04:00  INFO 32480 --- [task-management-system-1.1] [SpringApplicationShutdownHook] c.z.h.HikariDataSource                   : HikariPool-1 - Shutdown completed.
